d:\file\vs\project\gdal_demo\cpp1\x64\debug\vc143.pdb
d:\file\vs\project\gdal_demo\cpp1\x64\debug\vc143.idb
d:\file\vs\project\gdal_demo\cpp1\x64\debug\cpp1.obj
d:\file\vs\project\gdal_demo\x64\debug\cpp1.lib
d:\file\vs\project\gdal_demo\x64\debug\cpp1.exp
<<<<<<< HEAD
d:\file\vs\project\gdal_demo\x64\debug\cpp1.exe
d:\file\vs\project\gdal_demo\cpp1\x64\debug\cpp1.ilk
=======
d:\file\vs\project\gdal_demo\cpp1\x64\debug\cpp1.ilk
d:\file\vs\project\gdal_demo\x64\debug\cpp1.exe
>>>>>>> 95d2688a9ae109e1027674c2b069f8acc37d776a
d:\file\vs\project\gdal_demo\x64\debug\cpp1.pdb
d:\file\vs\project\gdal_demo\cpp1\x64\debug\cpp1.tlog\cl.command.1.tlog
d:\file\vs\project\gdal_demo\cpp1\x64\debug\cpp1.tlog\cl.read.1.tlog
d:\file\vs\project\gdal_demo\cpp1\x64\debug\cpp1.tlog\cl.write.1.tlog
<<<<<<< HEAD
d:\file\vs\project\gdal_demo\cpp1\x64\debug\cpp1.tlog\link.command.1.tlog
d:\file\vs\project\gdal_demo\cpp1\x64\debug\cpp1.tlog\link.read.1.tlog
d:\file\vs\project\gdal_demo\cpp1\x64\debug\cpp1.tlog\link.write.1.tlog
d:\file\vs\project\gdal_demo\cpp1\x64\debug\cpp1.tlog\link.write.2u.tlog
=======
d:\file\vs\project\gdal_demo\cpp1\x64\debug\cpp1.tlog\cpp1.write.1u.tlog
d:\file\vs\project\gdal_demo\cpp1\x64\debug\cpp1.tlog\link.command.1.tlog
d:\file\vs\project\gdal_demo\cpp1\x64\debug\cpp1.tlog\link.read.1.tlog
d:\file\vs\project\gdal_demo\cpp1\x64\debug\cpp1.tlog\link.write.1.tlog
>>>>>>> 95d2688a9ae109e1027674c2b069f8acc37d776a
