生成启动时间为 2021/8/4 14:37:36。
     1>项目“C:\Users\14345\Documents\Tencent Files\1434557509\FileRecv\vs2010\project\jsq\jsq\jsq.vcxproj”在节点 2 上(build 个目标)。
     1>InitializeBuildStatus:
         正在创建“Debug\jsq.unsuccessfulbuild”，因为已指定“AlwaysCreate”。
       ClCompile:
         所有输出均为最新。
         所有输出均为最新。
       ResourceCompile:
         所有输出均为最新。
       ManifestResourceCompile:
         所有输出均为最新。
       Link:
         所有输出均为最新。
       Manifest:
         C:\Program Files (x86)\Microsoft SDKs\Windows\v7.0A\bin\mt.exe /nologo /verbose /out:"Debug\jsq.exe.embed.manifest" /manifest Debug\jsq.exe.intermediate.manifest "C:\Program Files (x86)\Microsoft Visual Studio 10.0\VC\Include\Manifest\dpiaware.manifest"
         所有输出均为最新。
       FinalizeBuildStatus:
         正在删除文件“Debug\jsq.unsuccessfulbuild”。
         正在对“Debug\jsq.lastbuildstate”执行 Touch 任务。
     1>已完成生成项目“C:\Users\14345\Documents\Tencent Files\1434557509\FileRecv\vs2010\project\jsq\jsq\jsq.vcxproj”(build 个目标)的操作。

生成成功。

已用时间 00:00:00.07
