C:\Users\14345\Documents\Tencent Files\1434557509\FileRecv\vs2010\数据结构\jsq\Debug\jsq.pdb
C:\Users\14345\Documents\Tencent Files\1434557509\FileRecv\vs2010\数据结构\jsq\jsq\Debug\cl.command.1.tlog
C:\Users\14345\Documents\Tencent Files\1434557509\FileRecv\vs2010\数据结构\jsq\jsq\Debug\CL.read.1.tlog
C:\Users\14345\Documents\Tencent Files\1434557509\FileRecv\vs2010\数据结构\jsq\jsq\Debug\CL.write.1.tlog
C:\Users\14345\Documents\Tencent Files\1434557509\FileRecv\vs2010\数据结构\jsq\jsq\Debug\jsq.exe.embed.manifest
C:\USERS\14345\DOCUMENTS\TENCENT FILES\1434557509\FILERECV\VS2010\数据结构\JSQ\JSQ\DEBUG\JSQ.EXE.EMBED.MANIFEST.RES
C:\Users\14345\Documents\Tencent Files\1434557509\FileRecv\vs2010\数据结构\jsq\jsq\Debug\jsq.exe.intermediate.manifest
C:\USERS\14345\DOCUMENTS\TENCENT FILES\1434557509\FILERECV\VS2010\数据结构\JSQ\JSQ\DEBUG\JSQ.OBJ
C:\USERS\14345\DOCUMENTS\TENCENT FILES\1434557509\FILERECV\VS2010\数据结构\JSQ\JSQ\DEBUG\JSQ.PCH
C:\USERS\14345\DOCUMENTS\TENCENT FILES\1434557509\FILERECV\VS2010\数据结构\JSQ\JSQ\DEBUG\JSQ.RES
C:\Users\14345\Documents\Tencent Files\1434557509\FileRecv\vs2010\数据结构\jsq\jsq\Debug\jsq.write.1.tlog
C:\Users\14345\Documents\Tencent Files\1434557509\FileRecv\vs2010\数据结构\jsq\jsq\Debug\jsq_manifest.rc
C:\USERS\14345\DOCUMENTS\TENCENT FILES\1434557509\FILERECV\VS2010\数据结构\JSQ\JSQ\DEBUG\JSQDLG.OBJ
C:\Users\14345\Documents\Tencent Files\1434557509\FileRecv\vs2010\数据结构\jsq\jsq\Debug\link.command.1.tlog
C:\Users\14345\Documents\Tencent Files\1434557509\FileRecv\vs2010\数据结构\jsq\jsq\Debug\link.read.1.tlog
C:\Users\14345\Documents\Tencent Files\1434557509\FileRecv\vs2010\数据结构\jsq\jsq\Debug\link.write.1.tlog
C:\Users\14345\Documents\Tencent Files\1434557509\FileRecv\vs2010\数据结构\jsq\jsq\Debug\link-cvtres.read.1.tlog
C:\Users\14345\Documents\Tencent Files\1434557509\FileRecv\vs2010\数据结构\jsq\jsq\Debug\link-cvtres.write.1.tlog
C:\Users\14345\Documents\Tencent Files\1434557509\FileRecv\vs2010\数据结构\jsq\jsq\Debug\rc.command.1.tlog
C:\Users\14345\Documents\Tencent Files\1434557509\FileRecv\vs2010\数据结构\jsq\jsq\Debug\rc.read.1.tlog
C:\Users\14345\Documents\Tencent Files\1434557509\FileRecv\vs2010\数据结构\jsq\jsq\Debug\rc.write.1.tlog
C:\USERS\14345\DOCUMENTS\TENCENT FILES\1434557509\FILERECV\VS2010\数据结构\JSQ\JSQ\DEBUG\STDAFX.OBJ
C:\Users\14345\Documents\Tencent Files\1434557509\FileRecv\vs2010\数据结构\jsq\jsq\Debug\vc100.idb
C:\USERS\14345\DOCUMENTS\TENCENT FILES\1434557509\FILERECV\VS2010\数据结构\JSQ\JSQ\DEBUG\VC100.PDB
