  experi1.cpp
D:\File\vs\project\GDAL_demo\cpp1\include\ogr_featurestyle.h(89,15): warning C4251: “OGRStyleTable::osLastRequestedStyleName”: class“CPLString”需要有 dll 接口由 class“OGRStyleTable”的客户端使用
D:\File\vs\project\GDAL_demo\cpp1\include\cpl_string.h(329): message : 参见“CPLString”的声明
D:\File\vs\project\GDAL_demo\cpp1\include\cpl_json.h(153,17): warning C4251: “CPLJSONObject::m_osKey”: class“std::basic_string<char,std::char_traits<char>,std::allocator<char>>”需要有 dll 接口由 class“CPLJSONObject”的客户端使用
C:\Program Files\Microsoft Visual Studio\2022\Community\VC\Tools\MSVC\14.33.31629\include\xstring(5186): message : 参见“std::basic_string<char,std::char_traits<char>,std::allocator<char>>”的声明
D:\File\vs\project\GDAL_demo\cpp1\include\ogr_geometry.h(947,42): warning C4251: “OGRCurve::ConstIterator::m_poPrivate”: class“std::unique_ptr<OGRCurve::ConstIterator::Private,std::default_delete<OGRCurve::ConstIterator::Private>>”需要有 dll 接口由 class“OGRCurve::ConstIterator”的客户端使用
D:\File\vs\project\GDAL_demo\cpp1\include\ogr_geometry.h(947): message : 参见“std::unique_ptr<OGRCurve::ConstIterator::Private,std::default_delete<OGRCurve::ConstIterator::Private>>”的声明
D:\File\vs\project\GDAL_demo\cpp1\include\ogr_geometry.h(1066,42): warning C4251: “OGRSimpleCurve::Iterator::m_poPrivate”: class“std::unique_ptr<OGRSimpleCurve::Iterator::Private,std::default_delete<OGRSimpleCurve::Iterator::Private>>”需要有 dll 接口由 class“OGRSimpleCurve::Iterator”的客户端使用
D:\File\vs\project\GDAL_demo\cpp1\include\ogr_geometry.h(1066): message : 参见“std::unique_ptr<OGRSimpleCurve::Iterator::Private,std::default_delete<OGRSimpleCurve::Iterator::Private>>”的声明
D:\File\vs\project\GDAL_demo\cpp1\include\ogr_geometry.h(1083,42): warning C4251: “OGRSimpleCurve::ConstIterator::m_poPrivate”: class“std::unique_ptr<OGRSimpleCurve::ConstIterator::Private,std::default_delete<OGRSimpleCurve::ConstIterator::Private>>”需要有 dll 接口由 class“OGRSimpleCurve::ConstIterator”的客户端使用
D:\File\vs\project\GDAL_demo\cpp1\include\ogr_geometry.h(1083): message : 参见“std::unique_ptr<OGRSimpleCurve::ConstIterator::Private,std::default_delete<OGRSimpleCurve::ConstIterator::Private>>”的声明
D:\File\vs\project\GDAL_demo\cpp1\include\ogr_feature.h(385,34): warning C4251: “OGRFeature::FieldValue::m_poPrivate”: class“std::unique_ptr<OGRFeature::FieldValue::Private,std::default_delete<OGRFeature::FieldValue::Private>>”需要有 dll 接口由 class“OGRFeature::FieldValue”的客户端使用
D:\File\vs\project\GDAL_demo\cpp1\include\ogr_feature.h(385): message : 参见“std::unique_ptr<OGRFeature::FieldValue::Private,std::default_delete<OGRFeature::FieldValue::Private>>”的声明
D:\File\vs\project\GDAL_demo\cpp1\include\ogr_feature.h(528,34): warning C4251: “OGRFeature::ConstFieldIterator::m_poPrivate”: class“std::unique_ptr<OGRFeature::ConstFieldIterator::Private,std::default_delete<OGRFeature::ConstFieldIterator::Private>>”需要有 dll 接口由 class“OGRFeature::ConstFieldIterator”的客户端使用
D:\File\vs\project\GDAL_demo\cpp1\include\ogr_feature.h(528): message : 参见“std::unique_ptr<OGRFeature::ConstFieldIterator::Private,std::default_delete<OGRFeature::ConstFieldIterator::Private>>”的声明
D:\File\vs\project\GDAL_demo\cpp1\include\gdal_priv.h(137,25): warning C4251: “GDALMajorObject::sDescription”: class“CPLString”需要有 dll 接口由 class“GDALMajorObject”的客户端使用
D:\File\vs\project\GDAL_demo\cpp1\include\cpl_string.h(329): message : 参见“CPLString”的声明
D:\File\vs\project\GDAL_demo\cpp1\include\gdal_priv.h(190,17): warning C4251: “GDALDefaultOverviews::osOvrFilename”: class“CPLString”需要有 dll 接口由 class“GDALDefaultOverviews”的客户端使用
D:\File\vs\project\GDAL_demo\cpp1\include\cpl_string.h(329): message : 参见“CPLString”的声明
D:\File\vs\project\GDAL_demo\cpp1\include\gdal_priv.h(471,42): warning C4251: “GDALDataset::Bands::Iterator::m_poPrivate”: class“std::unique_ptr<GDALDataset::Bands::Iterator::Private,std::default_delete<GDALDataset::Bands::Iterator::Private>>”需要有 dll 接口由 class“GDALDataset::Bands::Iterator”的客户端使用
D:\File\vs\project\GDAL_demo\cpp1\include\gdal_priv.h(471): message : 参见“std::unique_ptr<GDALDataset::Bands::Iterator::Private,std::default_delete<GDALDataset::Bands::Iterator::Private>>”的声明
D:\File\vs\project\GDAL_demo\cpp1\include\gdal_priv.h(658,42): warning C4251: “GDALDataset::Layers::Iterator::m_poPrivate”: class“std::unique_ptr<GDALDataset::Layers::Iterator::Private,std::default_delete<GDALDataset::Layers::Iterator::Private>>”需要有 dll 接口由 class“GDALDataset::Layers::Iterator”的客户端使用
D:\File\vs\project\GDAL_demo\cpp1\include\gdal_priv.h(658): message : 参见“std::unique_ptr<GDALDataset::Layers::Iterator::Private,std::default_delete<GDALDataset::Layers::Iterator::Private>>”的声明
D:\File\vs\project\GDAL_demo\cpp1\include\gdal_priv.h(716,42): warning C4251: “GDALDataset::Features::Iterator::m_poPrivate”: class“std::unique_ptr<GDALDataset::Features::Iterator::Private,std::default_delete<GDALDataset::Features::Iterator::Private>>”需要有 dll 接口由 class“GDALDataset::Features::Iterator”的客户端使用
D:\File\vs\project\GDAL_demo\cpp1\include\gdal_priv.h(716): message : 参见“std::unique_ptr<GDALDataset::Features::Iterator::Private,std::default_delete<GDALDataset::Features::Iterator::Private>>”的声明
D:\File\vs\project\GDAL_demo\cpp1\include\gdal_priv.h(941,33): warning C4251: “GDALColorTable::aoEntries”: class“std::vector<GDALColorEntry,std::allocator<GDALColorEntry>>”需要有 dll 接口由 class“GDALColorTable”的客户端使用
D:\File\vs\project\GDAL_demo\cpp1\include\gdal_priv.h(941): message : 参见“std::vector<GDALColorEntry,std::allocator<GDALColorEntry>>”的声明
D:\File\vs\project\GDAL_demo\cpp1\include\gdal_priv.h(1519,38): warning C4251: “GDALDriverManager::oMapNameToDrivers”: class“std::map<CPLString,GDALDriver *,std::less<CPLString>,std::allocator<std::pair<const CPLString,GDALDriver *>>>”需要有 dll 接口由 class“GDALDriverManager”的客户端使用
D:\File\vs\project\GDAL_demo\cpp1\include\gdal_priv.h(1519): message : 参见“std::map<CPLString,GDALDriver *,std::less<CPLString>,std::allocator<std::pair<const CPLString,GDALDriver *>>>”的声明
    正在创建库 D:\File\vs\project\GDAL_demo\Debug\experi1.lib 和对象 D:\File\vs\project\GDAL_demo\Debug\experi1.exp
experi1.obj : error LNK2019: 无法解析的外部符号 _GDALGetDataTypeSizeBytes@4，函数 "public: int __thiscall GDALRasterBlock::GetBlockSize(void)const " (?GetBlockSize@GDALRasterBlock@@QBEHXZ) 中引用了该符号
experi1.obj : error LNK2019: 无法解析的外部符号 _GDALAllRegister@0，函数 _main 中引用了该符号
experi1.obj : error LNK2019: 无法解析的外部符号 _GDALOpen@8，函数 _main 中引用了该符号
experi1.obj : error LNK2019: 无法解析的外部符号 _GDALOpenEx@20，函数 "public: static class GDALDataset * __cdecl GDALDataset::Open(char const *,unsigned int,char const * const *,char const * const *,char const * const *)" (?Open@GDALDataset@@SAPAV1@PBDIPBQBD11@Z) 中引用了该符号
experi1.obj : error LNK2019: 无法解析的外部符号 _GDALDestroyDriverManager@0，函数 _main 中引用了该符号
experi1.obj : error LNK2019: 无法解析的外部符号 _GDALClose@4，函数 "public: void __thiscall GDALDatasetUniquePtrDeleter::operator()(class GDALDataset *)const " (??RGDALDatasetUniquePtrDeleter@@QBEXPAVGDALDataset@@@Z) 中引用了该符号
experi1.obj : error LNK2019: 无法解析的外部符号 _CPLSetConfigOption@8，函数 _main 中引用了该符号
experi1.obj : error LNK2019: 无法解析的外部符号 _CPLStrdup，函数 "public: class CPLStringList & __thiscall CPLStringList::InsertString(int,char const *)" (?InsertString@CPLStringList@@QAEAAV1@HPBD@Z) 中引用了该符号
experi1.obj : error LNK2019: 无法解析的外部符号 _CSLFindString，函数 "public: int __thiscall CPLStringList::FindString(char const *)const " (?FindString@CPLStringList@@QBEHPBD@Z) 中引用了该符号
experi1.obj : error LNK2019: 无法解析的外部符号 _CSLPartialFindString，函数 "public: int __thiscall CPLStringList::PartialFindString(char const *)const " (?PartialFindString@CPLStringList@@QBEHPBD@Z) 中引用了该符号
experi1.obj : error LNK2019: 无法解析的外部符号 "public: class CPLString & __thiscall CPLString::toupper(void)" (?toupper@CPLString@@QAEAAV1@XZ)，函数 "private: class GDALDriver * __thiscall GDALDriverManager::GetDriverByName_unlocked(char const *)" (?GetDriverByName_unlocked@GDALDriverManager@@AAEPAVGDALDriver@@PBD@Z) 中引用了该符号
experi1.obj : error LNK2019: 无法解析的外部符号 "public: int __thiscall CPLStringList::Count(void)const " (?Count@CPLStringList@@QBEHXZ)，函数 "public: bool __thiscall CPLStringList::empty(void)const " (?empty@CPLStringList@@QBE_NXZ) 中引用了该符号
experi1.obj : error LNK2019: 无法解析的外部符号 "public: class CPLStringList & __thiscall CPLStringList::InsertStringDirectly(int,char *)" (?InsertStringDirectly@CPLStringList@@QAEAAV1@HPAD@Z)，函数 "public: class CPLStringList & __thiscall CPLStringList::InsertString(int,char const *)" (?InsertString@CPLStringList@@QAEAAV1@HPBD@Z) 中引用了该符号
experi1.obj : error LNK2019: 无法解析的外部符号 "public: char const * __thiscall CPLStringList::FetchNameValue(char const *)const " (?FetchNameValue@CPLStringList@@QBEPBDPBD@Z)，函数 "public: char const * __thiscall CPLStringList::operator[](char const *)const " (??ACPLStringList@@QBEPBDPBD@Z) 中引用了该符号
experi1.obj : error LNK2019: 无法解析的外部符号 "public: class CPLStringList & __thiscall CPLStringList::Assign(char * *,int)" (?Assign@CPLStringList@@QAEAAV1@PAPADH@Z)，函数 "public: class CPLStringList & __thiscall CPLStringList::operator=(char * *)" (??4CPLStringList@@QAEAAV0@PAPAD@Z) 中引用了该符号
experi1.obj : error LNK2019: 无法解析的外部符号 "public: char * __thiscall CPLStringList::operator[](int)" (??ACPLStringList@@QAEPADH@Z)，函数 "public: char * __thiscall CPLStringList::operator[](unsigned int)" (??ACPLStringList@@QAEPADI@Z) 中引用了该符号
experi1.obj : error LNK2019: 无法解析的外部符号 "public: char const * __thiscall CPLStringList::operator[](int)const " (??ACPLStringList@@QBEPBDH@Z)，函数 "public: char const * __thiscall CPLStringList::operator[](unsigned int)const " (??ACPLStringList@@QBEPBDI@Z) 中引用了该符号
experi1.obj : error LNK2019: 无法解析的外部符号 _CPLAtomicAdd，函数 "public: int __thiscall GDALRasterBlock::AddLock(void)" (?AddLock@GDALRasterBlock@@QAEHXZ) 中引用了该符号
experi1.obj : error LNK2019: 无法解析的外部符号 "public: __thiscall OGRStyleMgr::OGRStyleMgr(class OGRStyleTable *)" (??0OGRStyleMgr@@QAE@PAVOGRStyleTable@@@Z)，函数 "public: void __thiscall OGRStyleMgr::`default constructor closure'(void)" (??_FOGRStyleMgr@@QAEXXZ) 中引用了该符号
experi1.obj : error LNK2019: 无法解析的外部符号 "public: virtual __thiscall OGRStyleTool::~OGRStyleTool(void)" (??1OGRStyleTool@@UAE@XZ)，函数 "public: virtual void * __thiscall OGRStyleTool::`vector deleting destructor'(unsigned int)" (??_EOGRStyleTool@@UAEPAXI@Z) 中引用了该符号
experi1.obj : error LNK2019: 无法解析的外部符号 "public: char const * __thiscall OGRStylePen::GetParamStr(enum ogr_style_tool_param_pen_id,int &)" (?GetParamStr@OGRStylePen@@QAEPBDW4ogr_style_tool_param_pen_id@@AAH@Z)，函数 "public: char const * __thiscall OGRStylePen::Cap(int &)" (?Cap@OGRStylePen@@QAEPBDAAH@Z) 中引用了该符号
experi1.obj : error LNK2019: 无法解析的外部符号 "public: int __thiscall OGRStylePen::GetParamNum(enum ogr_style_tool_param_pen_id,int &)" (?GetParamNum@OGRStylePen@@QAEHW4ogr_style_tool_param_pen_id@@AAH@Z)，函数 "public: int __thiscall OGRStylePen::Priority(int &)" (?Priority@OGRStylePen@@QAEHAAH@Z) 中引用了该符号
experi1.obj : error LNK2019: 无法解析的外部符号 "public: double __thiscall OGRStylePen::GetParamDbl(enum ogr_style_tool_param_pen_id,int &)" (?GetParamDbl@OGRStylePen@@QAENW4ogr_style_tool_param_pen_id@@AAH@Z)，函数 "public: double __thiscall OGRStylePen::PerpendicularOffset(int &)" (?PerpendicularOffset@OGRStylePen@@QAENAAH@Z) 中引用了该符号
experi1.obj : error LNK2019: 无法解析的外部符号 "public: void __thiscall OGRStylePen::SetParamStr(enum ogr_style_tool_param_pen_id,char const *)" (?SetParamStr@OGRStylePen@@QAEXW4ogr_style_tool_param_pen_id@@PBD@Z)，函数 "public: void __thiscall OGRStylePen::SetCap(char const *)" (?SetCap@OGRStylePen@@QAEXPBD@Z) 中引用了该符号
experi1.obj : error LNK2019: 无法解析的外部符号 "public: void __thiscall OGRStylePen::SetParamNum(enum ogr_style_tool_param_pen_id,int)" (?SetParamNum@OGRStylePen@@QAEXW4ogr_style_tool_param_pen_id@@H@Z)，函数 "public: void __thiscall OGRStylePen::SetPriority(int)" (?SetPriority@OGRStylePen@@QAEXH@Z) 中引用了该符号
experi1.obj : error LNK2019: 无法解析的外部符号 "public: void __thiscall OGRStylePen::SetParamDbl(enum ogr_style_tool_param_pen_id,double)" (?SetParamDbl@OGRStylePen@@QAEXW4ogr_style_tool_param_pen_id@@N@Z)，函数 "public: void __thiscall OGRStylePen::SetPerpendicularOffset(double)" (?SetPerpendicularOffset@OGRStylePen@@QAEXN@Z) 中引用了该符号
experi1.obj : error LNK2019: 无法解析的外部符号 "public: char const * __thiscall OGRStyleBrush::GetParamStr(enum ogr_style_tool_param_brush_id,int &)" (?GetParamStr@OGRStyleBrush@@QAEPBDW4ogr_style_tool_param_brush_id@@AAH@Z)，函数 "public: char const * __thiscall OGRStyleBrush::BackColor(int &)" (?BackColor@OGRStyleBrush@@QAEPBDAAH@Z) 中引用了该符号
experi1.obj : error LNK2019: 无法解析的外部符号 "public: int __thiscall OGRStyleBrush::GetParamNum(enum ogr_style_tool_param_brush_id,int &)" (?GetParamNum@OGRStyleBrush@@QAEHW4ogr_style_tool_param_brush_id@@AAH@Z)，函数 "public: int __thiscall OGRStyleBrush::Priority(int &)" (?Priority@OGRStyleBrush@@QAEHAAH@Z) 中引用了该符号
experi1.obj : error LNK2019: 无法解析的外部符号 "public: double __thiscall OGRStyleBrush::GetParamDbl(enum ogr_style_tool_param_brush_id,int &)" (?GetParamDbl@OGRStyleBrush@@QAENW4ogr_style_tool_param_brush_id@@AAH@Z)，函数 "public: double __thiscall OGRStyleBrush::Angle(int &)" (?Angle@OGRStyleBrush@@QAENAAH@Z) 中引用了该符号
experi1.obj : error LNK2019: 无法解析的外部符号 "public: void __thiscall OGRStyleBrush::SetParamStr(enum ogr_style_tool_param_brush_id,char const *)" (?SetParamStr@OGRStyleBrush@@QAEXW4ogr_style_tool_param_brush_id@@PBD@Z)，函数 "public: void __thiscall OGRStyleBrush::SetBackColor(char const *)" (?SetBackColor@OGRStyleBrush@@QAEXPBD@Z) 中引用了该符号
experi1.obj : error LNK2019: 无法解析的外部符号 "public: void __thiscall OGRStyleBrush::SetParamNum(enum ogr_style_tool_param_brush_id,int)" (?SetParamNum@OGRStyleBrush@@QAEXW4ogr_style_tool_param_brush_id@@H@Z)，函数 "public: void __thiscall OGRStyleBrush::SetPriority(int)" (?SetPriority@OGRStyleBrush@@QAEXH@Z) 中引用了该符号
experi1.obj : error LNK2019: 无法解析的外部符号 "public: void __thiscall OGRStyleBrush::SetParamDbl(enum ogr_style_tool_param_brush_id,double)" (?SetParamDbl@OGRStyleBrush@@QAEXW4ogr_style_tool_param_brush_id@@N@Z)，函数 "public: void __thiscall OGRStyleBrush::SetAngle(double)" (?SetAngle@OGRStyleBrush@@QAEXN@Z) 中引用了该符号
experi1.obj : error LNK2019: 无法解析的外部符号 "public: char const * __thiscall OGRStyleSymbol::GetParamStr(enum ogr_style_tool_param_symbol_id,int &)" (?GetParamStr@OGRStyleSymbol@@QAEPBDW4ogr_style_tool_param_symbol_id@@AAH@Z)，函数 "public: char const * __thiscall OGRStyleSymbol::Color(int &)" (?Color@OGRStyleSymbol@@QAEPBDAAH@Z) 中引用了该符号
experi1.obj : error LNK2019: 无法解析的外部符号 "public: int __thiscall OGRStyleSymbol::GetParamNum(enum ogr_style_tool_param_symbol_id,int &)" (?GetParamNum@OGRStyleSymbol@@QAEHW4ogr_style_tool_param_symbol_id@@AAH@Z)，函数 "public: int __thiscall OGRStyleSymbol::Priority(int &)" (?Priority@OGRStyleSymbol@@QAEHAAH@Z) 中引用了该符号
experi1.obj : error LNK2019: 无法解析的外部符号 "public: double __thiscall OGRStyleSymbol::GetParamDbl(enum ogr_style_tool_param_symbol_id,int &)" (?GetParamDbl@OGRStyleSymbol@@QAENW4ogr_style_tool_param_symbol_id@@AAH@Z)，函数 "public: double __thiscall OGRStyleSymbol::Angle(int &)" (?Angle@OGRStyleSymbol@@QAENAAH@Z) 中引用了该符号
experi1.obj : error LNK2019: 无法解析的外部符号 "public: void __thiscall OGRStyleSymbol::SetParamStr(enum ogr_style_tool_param_symbol_id,char const *)" (?SetParamStr@OGRStyleSymbol@@QAEXW4ogr_style_tool_param_symbol_id@@PBD@Z)，函数 "public: void __thiscall OGRStyleSymbol::SetColor(char const *)" (?SetColor@OGRStyleSymbol@@QAEXPBD@Z) 中引用了该符号
experi1.obj : error LNK2019: 无法解析的外部符号 "public: void __thiscall OGRStyleSymbol::SetParamNum(enum ogr_style_tool_param_symbol_id,int)" (?SetParamNum@OGRStyleSymbol@@QAEXW4ogr_style_tool_param_symbol_id@@H@Z)，函数 "public: void __thiscall OGRStyleSymbol::SetPriority(int)" (?SetPriority@OGRStyleSymbol@@QAEXH@Z) 中引用了该符号
experi1.obj : error LNK2019: 无法解析的外部符号 "public: void __thiscall OGRStyleSymbol::SetParamDbl(enum ogr_style_tool_param_symbol_id,double)" (?SetParamDbl@OGRStyleSymbol@@QAEXW4ogr_style_tool_param_symbol_id@@N@Z)，函数 "public: void __thiscall OGRStyleSymbol::SetAngle(double)" (?SetAngle@OGRStyleSymbol@@QAEXN@Z) 中引用了该符号
experi1.obj : error LNK2019: 无法解析的外部符号 "public: char const * __thiscall OGRStyleLabel::GetParamStr(enum ogr_style_tool_param_label_id,int &)" (?GetParamStr@OGRStyleLabel@@QAEPBDW4ogr_style_tool_param_label_id@@AAH@Z)，函数 "public: char const * __thiscall OGRStyleLabel::BackColor(int &)" (?BackColor@OGRStyleLabel@@QAEPBDAAH@Z) 中引用了该符号
experi1.obj : error LNK2019: 无法解析的外部符号 "public: int __thiscall OGRStyleLabel::GetParamNum(enum ogr_style_tool_param_label_id,int &)" (?GetParamNum@OGRStyleLabel@@QAEHW4ogr_style_tool_param_label_id@@AAH@Z)，函数 "public: int __thiscall OGRStyleLabel::Anchor(int &)" (?Anchor@OGRStyleLabel@@QAEHAAH@Z) 中引用了该符号
experi1.obj : error LNK2019: 无法解析的外部符号 "public: double __thiscall OGRStyleLabel::GetParamDbl(enum ogr_style_tool_param_label_id,int &)" (?GetParamDbl@OGRStyleLabel@@QAENW4ogr_style_tool_param_label_id@@AAH@Z)，函数 "public: double __thiscall OGRStyleLabel::Angle(int &)" (?Angle@OGRStyleLabel@@QAENAAH@Z) 中引用了该符号
experi1.obj : error LNK2019: 无法解析的外部符号 "public: void __thiscall OGRStyleLabel::SetParamStr(enum ogr_style_tool_param_label_id,char const *)" (?SetParamStr@OGRStyleLabel@@QAEXW4ogr_style_tool_param_label_id@@PBD@Z)，函数 "public: void __thiscall OGRStyleLabel::SetBackColor(char const *)" (?SetBackColor@OGRStyleLabel@@QAEXPBD@Z) 中引用了该符号
experi1.obj : error LNK2019: 无法解析的外部符号 "public: void __thiscall OGRStyleLabel::SetParamNum(enum ogr_style_tool_param_label_id,int)" (?SetParamNum@OGRStyleLabel@@QAEXW4ogr_style_tool_param_label_id@@H@Z)，函数 "public: void __thiscall OGRStyleLabel::SetAnchor(int)" (?SetAnchor@OGRStyleLabel@@QAEXH@Z) 中引用了该符号
experi1.obj : error LNK2019: 无法解析的外部符号 "public: void __thiscall OGRStyleLabel::SetParamDbl(enum ogr_style_tool_param_label_id,double)" (?SetParamDbl@OGRStyleLabel@@QAEXW4ogr_style_tool_param_label_id@@N@Z)，函数 "public: void __thiscall OGRStyleLabel::SetAngle(double)" (?SetAngle@OGRStyleLabel@@QAEXN@Z) 中引用了该符号
experi1.obj : error LNK2019: 无法解析的外部符号 "public: __thiscall CPLJSONObject::~CPLJSONObject(void)" (??1CPLJSONObject@@QAE@XZ)，函数 "public: __thiscall CPLJSONArray::~CPLJSONArray(void)" (??1CPLJSONArray@@QAE@XZ) 中引用了该符号
experi1.obj : error LNK2019: 无法解析的外部符号 "public: __thiscall CPLJSONObject::CPLJSONObject(class CPLJSONObject const &)" (??0CPLJSONObject@@QAE@ABV0@@Z)，函数 "public: __thiscall CPLJSONArray::CPLJSONArray(class CPLJSONArray &&)" (??0CPLJSONArray@@QAE@$$QAV0@@Z) 中引用了该符号
experi1.obj : error LNK2019: 无法解析的外部符号 "public: class CPLJSONObject & __thiscall CPLJSONObject::operator=(class CPLJSONObject const &)" (??4CPLJSONObject@@QAEAAV0@ABV0@@Z)，函数 "public: class CPLJSONArray & __thiscall CPLJSONArray::operator=(class CPLJSONArray &&)" (??4CPLJSONArray@@QAEAAV0@$$QAV0@@Z) 中引用了该符号
experi1.obj : error LNK2019: 无法解析的外部符号 "public: __thiscall OGR_SRSNode::OGR_SRSNode(char const *)" (??0OGR_SRSNode@@QAE@PBD@Z)，函数 "public: void __thiscall OGR_SRSNode::`default constructor closure'(void)" (??_FOGR_SRSNode@@QAEXXZ) 中引用了该符号
experi1.obj : error LNK2019: 无法解析的外部符号 "public: __thiscall OGRSpatialReference::OGRSpatialReference(char const *)" (??0OGRSpatialReference@@QAE@PBD@Z)，函数 "public: void __thiscall OGRSpatialReference::`default constructor closure'(void)" (??_FOGRSpatialReference@@QAEXXZ) 中引用了该符号
experi1.obj : error LNK2019: 无法解析的外部符号 "public: double __thiscall OGRSpatialReference::GetLinearUnits(char const * *)const " (?GetLinearUnits@OGRSpatialReference@@QBENPAPBD@Z)，函数 "public: double __thiscall OGRSpatialReference::GetLinearUnits(std::nullptr_t)const " (?GetLinearUnits@OGRSpatialReference@@QBEN$$T@Z) 中引用了该符号
experi1.obj : error LNK2019: 无法解析的外部符号 "public: double __thiscall OGRSpatialReference::GetTargetLinearUnits(char const *,char const * *)const " (?GetTargetLinearUnits@OGRSpatialReference@@QBENPBDPAPBD@Z)，函数 "public: double __thiscall OGRSpatialReference::GetTargetLinearUnits(char const *,std::nullptr_t)const " (?GetTargetLinearUnits@OGRSpatialReference@@QBENPBD$$T@Z) 中引用了该符号
experi1.obj : error LNK2019: 无法解析的外部符号 "public: double __thiscall OGRSpatialReference::GetAngularUnits(char const * *)const " (?GetAngularUnits@OGRSpatialReference@@QBENPAPBD@Z)，函数 "public: double __thiscall OGRSpatialReference::GetAngularUnits(std::nullptr_t)const " (?GetAngularUnits@OGRSpatialReference@@QBEN$$T@Z) 中引用了该符号
experi1.obj : error LNK2019: 无法解析的外部符号 "public: double __thiscall OGRSpatialReference::GetPrimeMeridian(char const * *)const " (?GetPrimeMeridian@OGRSpatialReference@@QBENPAPBD@Z)，函数 "public: double __thiscall OGRSpatialReference::GetPrimeMeridian(std::nullptr_t)const " (?GetPrimeMeridian@OGRSpatialReference@@QBEN$$T@Z) 中引用了该符号
experi1.obj : error LNK2001: 无法解析的外部符号 "public: virtual void __thiscall OGRDefaultGeometryVisitor::visit(class OGRLineString *)" (?visit@OGRDefaultGeometryVisitor@@UAEXPAVOGRLineString@@@Z)
experi1.obj : error LNK2001: 无法解析的外部符号 "public: virtual void __thiscall OGRDefaultGeometryVisitor::visit(class OGRLinearRing *)" (?visit@OGRDefaultGeometryVisitor@@UAEXPAVOGRLinearRing@@@Z)
experi1.obj : error LNK2001: 无法解析的外部符号 "public: virtual void __thiscall OGRDefaultGeometryVisitor::visit(class OGRPolygon *)" (?visit@OGRDefaultGeometryVisitor@@UAEXPAVOGRPolygon@@@Z)
experi1.obj : error LNK2001: 无法解析的外部符号 "public: virtual void __thiscall OGRDefaultGeometryVisitor::visit(class OGRMultiPoint *)" (?visit@OGRDefaultGeometryVisitor@@UAEXPAVOGRMultiPoint@@@Z)
experi1.obj : error LNK2001: 无法解析的外部符号 "public: virtual void __thiscall OGRDefaultGeometryVisitor::visit(class OGRMultiLineString *)" (?visit@OGRDefaultGeometryVisitor@@UAEXPAVOGRMultiLineString@@@Z)
experi1.obj : error LNK2001: 无法解析的外部符号 "public: virtual void __thiscall OGRDefaultGeometryVisitor::visit(class OGRMultiPolygon *)" (?visit@OGRDefaultGeometryVisitor@@UAEXPAVOGRMultiPolygon@@@Z)
experi1.obj : error LNK2001: 无法解析的外部符号 "public: virtual void __thiscall OGRDefaultGeometryVisitor::visit(class OGRGeometryCollection *)" (?visit@OGRDefaultGeometryVisitor@@UAEXPAVOGRGeometryCollection@@@Z)
experi1.obj : error LNK2001: 无法解析的外部符号 "public: virtual void __thiscall OGRDefaultGeometryVisitor::visit(class OGRCircularString *)" (?visit@OGRDefaultGeometryVisitor@@UAEXPAVOGRCircularString@@@Z)
experi1.obj : error LNK2001: 无法解析的外部符号 "public: virtual void __thiscall OGRDefaultGeometryVisitor::visit(class OGRCompoundCurve *)" (?visit@OGRDefaultGeometryVisitor@@UAEXPAVOGRCompoundCurve@@@Z)
experi1.obj : error LNK2001: 无法解析的外部符号 "public: virtual void __thiscall OGRDefaultGeometryVisitor::visit(class OGRCurvePolygon *)" (?visit@OGRDefaultGeometryVisitor@@UAEXPAVOGRCurvePolygon@@@Z)
experi1.obj : error LNK2001: 无法解析的外部符号 "public: virtual void __thiscall OGRDefaultGeometryVisitor::visit(class OGRMultiCurve *)" (?visit@OGRDefaultGeometryVisitor@@UAEXPAVOGRMultiCurve@@@Z)
experi1.obj : error LNK2001: 无法解析的外部符号 "public: virtual void __thiscall OGRDefaultGeometryVisitor::visit(class OGRMultiSurface *)" (?visit@OGRDefaultGeometryVisitor@@UAEXPAVOGRMultiSurface@@@Z)
experi1.obj : error LNK2001: 无法解析的外部符号 "public: virtual void __thiscall OGRDefaultGeometryVisitor::visit(class OGRTriangle *)" (?visit@OGRDefaultGeometryVisitor@@UAEXPAVOGRTriangle@@@Z)
experi1.obj : error LNK2001: 无法解析的外部符号 "public: virtual void __thiscall OGRDefaultGeometryVisitor::visit(class OGRPolyhedralSurface *)" (?visit@OGRDefaultGeometryVisitor@@UAEXPAVOGRPolyhedralSurface@@@Z)
experi1.obj : error LNK2001: 无法解析的外部符号 "public: virtual void __thiscall OGRDefaultGeometryVisitor::visit(class OGRTriangulatedSurface *)" (?visit@OGRDefaultGeometryVisitor@@UAEXPAVOGRTriangulatedSurface@@@Z)
experi1.obj : error LNK2001: 无法解析的外部符号 "public: virtual void __thiscall OGRDefaultConstGeometryVisitor::visit(class OGRLineString const *)" (?visit@OGRDefaultConstGeometryVisitor@@UAEXPBVOGRLineString@@@Z)
experi1.obj : error LNK2001: 无法解析的外部符号 "public: virtual void __thiscall OGRDefaultConstGeometryVisitor::visit(class OGRLinearRing const *)" (?visit@OGRDefaultConstGeometryVisitor@@UAEXPBVOGRLinearRing@@@Z)
experi1.obj : error LNK2001: 无法解析的外部符号 "public: virtual void __thiscall OGRDefaultConstGeometryVisitor::visit(class OGRPolygon const *)" (?visit@OGRDefaultConstGeometryVisitor@@UAEXPBVOGRPolygon@@@Z)
experi1.obj : error LNK2001: 无法解析的外部符号 "public: virtual void __thiscall OGRDefaultConstGeometryVisitor::visit(class OGRMultiPoint const *)" (?visit@OGRDefaultConstGeometryVisitor@@UAEXPBVOGRMultiPoint@@@Z)
experi1.obj : error LNK2001: 无法解析的外部符号 "public: virtual void __thiscall OGRDefaultConstGeometryVisitor::visit(class OGRMultiLineString const *)" (?visit@OGRDefaultConstGeometryVisitor@@UAEXPBVOGRMultiLineString@@@Z)
experi1.obj : error LNK2001: 无法解析的外部符号 "public: virtual void __thiscall OGRDefaultConstGeometryVisitor::visit(class OGRMultiPolygon const *)" (?visit@OGRDefaultConstGeometryVisitor@@UAEXPBVOGRMultiPolygon@@@Z)
experi1.obj : error LNK2001: 无法解析的外部符号 "public: virtual void __thiscall OGRDefaultConstGeometryVisitor::visit(class OGRGeometryCollection const *)" (?visit@OGRDefaultConstGeometryVisitor@@UAEXPBVOGRGeometryCollection@@@Z)
experi1.obj : error LNK2001: 无法解析的外部符号 "public: virtual void __thiscall OGRDefaultConstGeometryVisitor::visit(class OGRCircularString const *)" (?visit@OGRDefaultConstGeometryVisitor@@UAEXPBVOGRCircularString@@@Z)
experi1.obj : error LNK2001: 无法解析的外部符号 "public: virtual void __thiscall OGRDefaultConstGeometryVisitor::visit(class OGRCompoundCurve const *)" (?visit@OGRDefaultConstGeometryVisitor@@UAEXPBVOGRCompoundCurve@@@Z)
experi1.obj : error LNK2001: 无法解析的外部符号 "public: virtual void __thiscall OGRDefaultConstGeometryVisitor::visit(class OGRCurvePolygon const *)" (?visit@OGRDefaultConstGeometryVisitor@@UAEXPBVOGRCurvePolygon@@@Z)
experi1.obj : error LNK2001: 无法解析的外部符号 "public: virtual void __thiscall OGRDefaultConstGeometryVisitor::visit(class OGRMultiCurve const *)" (?visit@OGRDefaultConstGeometryVisitor@@UAEXPBVOGRMultiCurve@@@Z)
experi1.obj : error LNK2001: 无法解析的外部符号 "public: virtual void __thiscall OGRDefaultConstGeometryVisitor::visit(class OGRMultiSurface const *)" (?visit@OGRDefaultConstGeometryVisitor@@UAEXPBVOGRMultiSurface@@@Z)
experi1.obj : error LNK2001: 无法解析的外部符号 "public: virtual void __thiscall OGRDefaultConstGeometryVisitor::visit(class OGRTriangle const *)" (?visit@OGRDefaultConstGeometryVisitor@@UAEXPBVOGRTriangle@@@Z)
experi1.obj : error LNK2001: 无法解析的外部符号 "public: virtual void __thiscall OGRDefaultConstGeometryVisitor::visit(class OGRPolyhedralSurface const *)" (?visit@OGRDefaultConstGeometryVisitor@@UAEXPBVOGRPolyhedralSurface@@@Z)
experi1.obj : error LNK2001: 无法解析的外部符号 "public: virtual void __thiscall OGRDefaultConstGeometryVisitor::visit(class OGRTriangulatedSurface const *)" (?visit@OGRDefaultConstGeometryVisitor@@UAEXPBVOGRTriangulatedSurface@@@Z)
experi1.obj : error LNK2019: 无法解析的外部符号 "protected: int __thiscall OGRGeometry::PointOnSurfaceInternal(class OGRPoint *)const " (?PointOnSurfaceInternal@OGRGeometry@@IBEHPAVOGRPoint@@@Z)，函数 "public: virtual int __thiscall OGRSurface::PointOnSurface(class OGRPoint *)const " (?PointOnSurface@OGRSurface@@UBEHPAVOGRPoint@@@Z) 中引用了该符号
experi1.obj : error LNK2019: 无法解析的外部符号 "public: __thiscall OGRGeometry::OGRGeometry(void)" (??0OGRGeometry@@QAE@XZ)，函数 "public: __thiscall OGRSurface::OGRSurface(void)" (??0OGRSurface@@QAE@XZ) 中引用了该符号
experi1.obj : error LNK2019: 无法解析的外部符号 "public: __thiscall OGRGeometry::OGRGeometry(class OGRGeometry const &)" (??0OGRGeometry@@QAE@ABV0@@Z)，函数 "public: __thiscall OGRSurface::OGRSurface(class OGRSurface &&)" (??0OGRSurface@@QAE@$$QAV0@@Z) 中引用了该符号
experi1.obj : error LNK2019: 无法解析的外部符号 "public: virtual __thiscall OGRGeometry::~OGRGeometry(void)" (??1OGRGeometry@@UAE@XZ)，函数 "public: virtual __thiscall OGRSurface::~OGRSurface(void)" (??1OGRSurface@@UAE@XZ) 中引用了该符号
experi1.obj : error LNK2019: 无法解析的外部符号 "public: class OGRGeometry & __thiscall OGRGeometry::operator=(class OGRGeometry const &)" (??4OGRGeometry@@QAEAAV0@ABV0@@Z)，函数 "public: class OGRSurface & __thiscall OGRSurface::operator=(class OGRSurface &&)" (??4OGRSurface@@QAEAAV0@$$QAV0@@Z) 中引用了该符号
experi1.obj : error LNK2001: 无法解析的外部符号 "public: virtual int __thiscall OGRGeometry::getCoordinateDimension(void)const " (?getCoordinateDimension@OGRGeometry@@UBEHXZ)
experi1.obj : error LNK2001: 无法解析的外部符号 "public: virtual int __thiscall OGRGeometry::IsValid(void)const " (?IsValid@OGRGeometry@@UBEHXZ)
experi1.obj : error LNK2001: 无法解析的外部符号 "public: virtual int __thiscall OGRGeometry::IsSimple(void)const " (?IsSimple@OGRGeometry@@UBEHXZ)
experi1.obj : error LNK2001: 无法解析的外部符号 "public: virtual int __thiscall OGRGeometry::IsRing(void)const " (?IsRing@OGRGeometry@@UBEHXZ)
experi1.obj : error LNK2001: 无法解析的外部符号 "public: virtual void __thiscall OGRGeometry::dumpReadable(struct _iobuf *,char const *,char * *)const " (?dumpReadable@OGRGeometry@@UBEXPAU_iobuf@@PBDPAPAD@Z)
experi1.obj : error LNK2001: 无法解析的外部符号 "public: virtual char * __thiscall OGRGeometry::exportToGML(char const * const *)const " (?exportToGML@OGRGeometry@@UBEPADPBQBD@Z)
experi1.obj : error LNK2001: 无法解析的外部符号 "public: virtual char * __thiscall OGRGeometry::exportToKML(void)const " (?exportToKML@OGRGeometry@@UBEPADXZ)
experi1.obj : error LNK2001: 无法解析的外部符号 "public: virtual char * __thiscall OGRGeometry::exportToJson(void)const " (?exportToJson@OGRGeometry@@UBEPADXZ)
experi1.obj : error LNK2001: 无法解析的外部符号 "public: virtual struct GEOSGeom_t * __thiscall OGRGeometry::exportToGEOS(struct GEOSContextHandle_HS *)const " (?exportToGEOS@OGRGeometry@@UBEPAUGEOSGeom_t@@PAUGEOSContextHandle_HS@@@Z)
experi1.obj : error LNK2001: 无法解析的外部符号 "public: virtual int __thiscall OGRGeometry::hasCurveGeometry(int)const " (?hasCurveGeometry@OGRGeometry@@UBEHH@Z)
experi1.obj : error LNK2001: 无法解析的外部符号 "public: virtual class OGRGeometry * __thiscall OGRGeometry::getCurveGeometry(char const * const *)const " (?getCurveGeometry@OGRGeometry@@UBEPAV1@PBQBD@Z)
experi1.obj : error LNK2001: 无法解析的外部符号 "public: virtual class OGRGeometry * __thiscall OGRGeometry::getLinearGeometry(double,char const * const *)const " (?getLinearGeometry@OGRGeometry@@UBEPAV1@NPBQBD@Z)
experi1.obj : error LNK2001: 无法解析的外部符号 "public: virtual void __thiscall OGRGeometry::closeRings(void)" (?closeRings@OGRGeometry@@UAEXXZ)
experi1.obj : error LNK2001: 无法解析的外部符号 "public: virtual void __thiscall OGRGeometry::setCoordinateDimension(int)" (?setCoordinateDimension@OGRGeometry@@UAEXH@Z)
experi1.obj : error LNK2001: 无法解析的外部符号 "public: virtual void __thiscall OGRGeometry::set3D(int)" (?set3D@OGRGeometry@@UAEXH@Z)
experi1.obj : error LNK2001: 无法解析的外部符号 "public: virtual void __thiscall OGRGeometry::setMeasured(int)" (?setMeasured@OGRGeometry@@UAEXH@Z)
experi1.obj : error LNK2001: 无法解析的外部符号 "public: virtual void __thiscall OGRGeometry::assignSpatialReference(class OGRSpatialReference *)" (?assignSpatialReference@OGRGeometry@@UAEXPAVOGRSpatialReference@@@Z)
experi1.obj : error LNK2001: 无法解析的外部符号 "public: virtual void __thiscall OGRGeometry::segmentize(double)" (?segmentize@OGRGeometry@@UAEXN@Z)
experi1.obj : error LNK2001: 无法解析的外部符号 "public: virtual int __thiscall OGRGeometry::Intersects(class OGRGeometry const *)const " (?Intersects@OGRGeometry@@UBEHPBV1@@Z)
experi1.obj : error LNK2001: 无法解析的外部符号 "public: virtual int __thiscall OGRGeometry::Disjoint(class OGRGeometry const *)const " (?Disjoint@OGRGeometry@@UBEHPBV1@@Z)
experi1.obj : error LNK2001: 无法解析的外部符号 "public: virtual int __thiscall OGRGeometry::Touches(class OGRGeometry const *)const " (?Touches@OGRGeometry@@UBEHPBV1@@Z)
experi1.obj : error LNK2001: 无法解析的外部符号 "public: virtual int __thiscall OGRGeometry::Crosses(class OGRGeometry const *)const " (?Crosses@OGRGeometry@@UBEHPBV1@@Z)
experi1.obj : error LNK2001: 无法解析的外部符号 "public: virtual int __thiscall OGRGeometry::Within(class OGRGeometry const *)const " (?Within@OGRGeometry@@UBEHPBV1@@Z)
experi1.obj : error LNK2001: 无法解析的外部符号 "public: virtual int __thiscall OGRGeometry::Contains(class OGRGeometry const *)const " (?Contains@OGRGeometry@@UBEHPBV1@@Z)
experi1.obj : error LNK2001: 无法解析的外部符号 "public: virtual int __thiscall OGRGeometry::Overlaps(class OGRGeometry const *)const " (?Overlaps@OGRGeometry@@UBEHPBV1@@Z)
experi1.obj : error LNK2001: 无法解析的外部符号 "public: virtual class OGRGeometry * __thiscall OGRGeometry::Boundary(void)const " (?Boundary@OGRGeometry@@UBEPAV1@XZ)
experi1.obj : error LNK2001: 无法解析的外部符号 "public: virtual double __thiscall OGRGeometry::Distance(class OGRGeometry const *)const " (?Distance@OGRGeometry@@UBENPBV1@@Z)
experi1.obj : error LNK2001: 无法解析的外部符号 "public: virtual class OGRGeometry * __thiscall OGRGeometry::ConvexHull(void)const " (?ConvexHull@OGRGeometry@@UBEPAV1@XZ)
experi1.obj : error LNK2001: 无法解析的外部符号 "public: virtual class OGRGeometry * __thiscall OGRGeometry::Buffer(double,int)const " (?Buffer@OGRGeometry@@UBEPAV1@NH@Z)
experi1.obj : error LNK2001: 无法解析的外部符号 "public: virtual class OGRGeometry * __thiscall OGRGeometry::Intersection(class OGRGeometry const *)const " (?Intersection@OGRGeometry@@UBEPAV1@PBV1@@Z)
experi1.obj : error LNK2001: 无法解析的外部符号 "public: virtual class OGRGeometry * __thiscall OGRGeometry::Union(class OGRGeometry const *)const " (?Union@OGRGeometry@@UBEPAV1@PBV1@@Z)
experi1.obj : error LNK2001: 无法解析的外部符号 "public: virtual class OGRGeometry * __thiscall OGRGeometry::UnionCascaded(void)const " (?UnionCascaded@OGRGeometry@@UBEPAV1@XZ)
experi1.obj : error LNK2001: 无法解析的外部符号 "public: virtual class OGRGeometry * __thiscall OGRGeometry::Difference(class OGRGeometry const *)const " (?Difference@OGRGeometry@@UBEPAV1@PBV1@@Z)
experi1.obj : error LNK2001: 无法解析的外部符号 "public: virtual class OGRGeometry * __thiscall OGRGeometry::SymDifference(class OGRGeometry const *)const " (?SymDifference@OGRGeometry@@UBEPAV1@PBV1@@Z)
experi1.obj : error LNK2001: 无法解析的外部符号 "public: virtual int __thiscall OGRGeometry::Centroid(class OGRPoint *)const " (?Centroid@OGRGeometry@@UBEHPAVOGRPoint@@@Z)
experi1.obj : error LNK2001: 无法解析的外部符号 "public: virtual class OGRGeometry * __thiscall OGRGeometry::Simplify(double)const " (?Simplify@OGRGeometry@@UBEPAV1@N@Z)
experi1.obj : error LNK2001: 无法解析的外部符号 "public: virtual class OGRGeometry * __thiscall OGRGeometry::DelaunayTriangulation(double,int)const " (?DelaunayTriangulation@OGRGeometry@@UBEPAV1@NH@Z)
experi1.obj : error LNK2001: 无法解析的外部符号 "public: virtual class OGRGeometry * __thiscall OGRGeometry::Polygonize(void)const " (?Polygonize@OGRGeometry@@UBEPAV1@XZ)
experi1.obj : error LNK2001: 无法解析的外部符号 "public: virtual double __thiscall OGRGeometry::Distance3D(class OGRGeometry const *)const " (?Distance3D@OGRGeometry@@UBENPBV1@@Z)
experi1.obj : error LNK2001: 无法解析的外部符号 "public: virtual void __thiscall OGRGeometry::swapXY(void)" (?swapXY@OGRGeometry@@UAEXXZ)
experi1.obj : error LNK2019: 无法解析的外部符号 "public: virtual __thiscall OGRPointIterator::~OGRPointIterator(void)" (??1OGRPointIterator@@UAE@XZ)，函数 "public: virtual void * __thiscall OGRPointIterator::`vector deleting destructor'(unsigned int)" (??_EOGRPointIterator@@UAEPAXI@Z) 中引用了该符号
experi1.obj : error LNK2019: 无法解析的外部符号 "public: static int __cdecl OGRGeometryFactory::createFromWkt(char const * *,class OGRSpatialReference *,class OGRGeometry * *)" (?createFromWkt@OGRGeometryFactory@@SAHPAPBDPAVOGRSpatialReference@@PAPAVOGRGeometry@@@Z)，函数 "public: static int __cdecl OGRGeometryFactory::createFromWkt(char * *,class OGRSpatialReference *,class OGRGeometry * *)" (?createFromWkt@OGRGeometryFactory@@SAHPAPADPAVOGRSpatialReference@@PAPAVOGRGeometry@@@Z) 中引用了该符号
experi1.obj : error LNK2019: 无法解析的外部符号 "public: __thiscall OGRFeatureDefn::OGRFeatureDefn(char const *)" (??0OGRFeatureDefn@@QAE@PBD@Z)，函数 "public: void __thiscall OGRFeatureDefn::`default constructor closure'(void)" (??_FOGRFeatureDefn@@QAEXXZ) 中引用了该符号
experi1.obj : error LNK2019: 无法解析的外部符号 "public: void __thiscall OGRFeature::FieldValue::clear(void)" (?clear@FieldValue@OGRFeature@@QAEXXZ)，函数 "public: void __thiscall OGRFeature::FieldValue::Unset(void)" (?Unset@FieldValue@OGRFeature@@QAEXXZ) 中引用了该符号
experi1.obj : error LNK2019: 无法解析的外部符号 "public: class OGRFieldDefn const * __thiscall OGRFeature::FieldValue::GetDefn(void)const " (?GetDefn@FieldValue@OGRFeature@@QBEPBVOGRFieldDefn@@XZ)，函数 "public: char const * __thiscall OGRFeature::FieldValue::GetName(void)const " (?GetName@FieldValue@OGRFeature@@QBEPBDXZ) 中引用了该符号
experi1.obj : error LNK2019: 无法解析的外部符号 "public: bool __thiscall OGRFeature::FieldValue::IsUnset(void)const " (?IsUnset@FieldValue@OGRFeature@@QBE_NXZ)，函数 "public: bool __thiscall OGRFeature::FieldValue::empty(void)const " (?empty@FieldValue@OGRFeature@@QBE_NXZ) 中引用了该符号
experi1.obj : error LNK2019: 无法解析的外部符号 "public: union OGRField const * __thiscall OGRFeature::FieldValue::GetRawValue(void)const " (?GetRawValue@FieldValue@OGRFeature@@QBEPBTOGRField@@XZ)，函数 "public: double __thiscall OGRFeature::FieldValue::GetDouble(void)const " (?GetDouble@FieldValue@OGRFeature@@QBENXZ) 中引用了该符号
experi1.obj : error LNK2019: 无法解析的外部符号 "public: int __thiscall OGRFeature::FieldValue::GetAsInteger(void)const " (?GetAsInteger@FieldValue@OGRFeature@@QBEHXZ)，函数 "public: __thiscall OGRFeature::FieldValue::operator int(void)const " (??BFieldValue@OGRFeature@@QBEHXZ) 中引用了该符号
experi1.obj : error LNK2019: 无法解析的外部符号 "public: __int64 __thiscall OGRFeature::FieldValue::GetAsInteger64(void)const " (?GetAsInteger64@FieldValue@OGRFeature@@QBE_JXZ)，函数 "public: __thiscall OGRFeature::FieldValue::operator __int64(void)const " (??BFieldValue@OGRFeature@@QBE_JXZ) 中引用了该符号
experi1.obj : error LNK2019: 无法解析的外部符号 "public: double __thiscall OGRFeature::FieldValue::GetAsDouble(void)const " (?GetAsDouble@FieldValue@OGRFeature@@QBENXZ)，函数 "public: __thiscall OGRFeature::FieldValue::operator double(void)const " (??BFieldValue@OGRFeature@@QBENXZ) 中引用了该符号
experi1.obj : error LNK2019: 无法解析的外部符号 "public: char const * __thiscall OGRFeature::FieldValue::GetAsString(void)const " (?GetAsString@FieldValue@OGRFeature@@QBEPBDXZ)，函数 "public: __thiscall OGRFeature::FieldValue::operator char const *(void)const " (??BFieldValue@OGRFeature@@QBEPBDXZ) 中引用了该符号
experi1.obj : error LNK2019: 无法解析的外部符号 "public: class std::vector<int,class std::allocator<int> > const & __thiscall OGRFeature::FieldValue::GetAsIntegerList(void)const " (?GetAsIntegerList@FieldValue@OGRFeature@@QBEABV?$vector@HV?$allocator@H@std@@@std@@XZ)，函数 "public: __thiscall OGRFeature::FieldValue::operator class std::vector<int,class std::allocator<int> > const &(void)const " (??BFieldValue@OGRFeature@@QBEABV?$vector@HV?$allocator@H@std@@@std@@XZ) 中引用了该符号
experi1.obj : error LNK2019: 无法解析的外部符号 "public: class std::vector<__int64,class std::allocator<__int64> > const & __thiscall OGRFeature::FieldValue::GetAsInteger64List(void)const " (?GetAsInteger64List@FieldValue@OGRFeature@@QBEABV?$vector@_JV?$allocator@_J@std@@@std@@XZ)，函数 "public: __thiscall OGRFeature::FieldValue::operator class std::vector<__int64,class std::allocator<__int64> > const &(void)const " (??BFieldValue@OGRFeature@@QBEABV?$vector@_JV?$allocator@_J@std@@@std@@XZ) 中引用了该符号
experi1.obj : error LNK2019: 无法解析的外部符号 "public: class std::vector<double,class std::allocator<double> > const & __thiscall OGRFeature::FieldValue::GetAsDoubleList(void)const " (?GetAsDoubleList@FieldValue@OGRFeature@@QBEABV?$vector@NV?$allocator@N@std@@@std@@XZ)，函数 "public: __thiscall OGRFeature::FieldValue::operator class std::vector<double,class std::allocator<double> > const &(void)const " (??BFieldValue@OGRFeature@@QBEABV?$vector@NV?$allocator@N@std@@@std@@XZ) 中引用了该符号
experi1.obj : error LNK2019: 无法解析的外部符号 "public: class std::vector<class std::basic_string<char,struct std::char_traits<char>,class std::allocator<char> >,class std::allocator<class std::basic_string<char,struct std::char_traits<char>,class std::allocator<char> > > > const & __thiscall OGRFeature::FieldValue::GetAsStringList(void)const " (?GetAsStringList@FieldValue@OGRFeature@@QBEABV?$vector@V?$basic_string@DU?$char_traits@D@std@@V?$allocator@D@2@@std@@V?$allocator@V?$basic_string@DU?$char_traits@D@std@@V?$allocator@D@2@@std@@@2@@std@@XZ)，函数 "public: __thiscall OGRFeature::FieldValue::operator class std::vector<class std::basic_string<char,struct std::char_traits<char>,class std::allocator<char> >,class std::allocator<class std::basic_string<char,struct std::char_traits<char>,class std::allocator<char> > > > const &(void)const " (??BFieldValue@OGRFeature@@QBEABV?$vector@V?$basic_string@DU?$char_traits@D@std@@V?$allocator@D@2@@std@@V?$allocator@V?$basic_string@DU?$char_traits@D@std@@V?$allocator@D@2@@std@@@2@@std@@XZ) 中引用了该符号
experi1.obj : error LNK2019: 无法解析的外部符号 "public: int __thiscall OGRFeature::GetFieldAsInteger(int)const " (?GetFieldAsInteger@OGRFeature@@QBEHH@Z)，函数 "public: int __thiscall OGRFeature::GetFieldAsInteger(char const *)const " (?GetFieldAsInteger@OGRFeature@@QBEHPBD@Z) 中引用了该符号
experi1.obj : error LNK2019: 无法解析的外部符号 "public: __int64 __thiscall OGRFeature::GetFieldAsInteger64(int)const " (?GetFieldAsInteger64@OGRFeature@@QBE_JH@Z)，函数 "public: __int64 __thiscall OGRFeature::GetFieldAsInteger64(char const *)const " (?GetFieldAsInteger64@OGRFeature@@QBE_JPBD@Z) 中引用了该符号
experi1.obj : error LNK2019: 无法解析的外部符号 "public: double __thiscall OGRFeature::GetFieldAsDouble(int)const " (?GetFieldAsDouble@OGRFeature@@QBENH@Z)，函数 "public: double __thiscall OGRFeature::GetFieldAsDouble(char const *)const " (?GetFieldAsDouble@OGRFeature@@QBENPBD@Z) 中引用了该符号
experi1.obj : error LNK2019: 无法解析的外部符号 "public: char const * __thiscall OGRFeature::GetFieldAsString(int)const " (?GetFieldAsString@OGRFeature@@QBEPBDH@Z)，函数 "public: char const * __thiscall OGRFeature::GetFieldAsString(char const *)const " (?GetFieldAsString@OGRFeature@@QBEPBDPBD@Z) 中引用了该符号
experi1.obj : error LNK2019: 无法解析的外部符号 "public: int const * __thiscall OGRFeature::GetFieldAsIntegerList(int,int *)const " (?GetFieldAsIntegerList@OGRFeature@@QBEPBHHPAH@Z)，函数 "public: int const * __thiscall OGRFeature::GetFieldAsIntegerList(char const *,int *)const " (?GetFieldAsIntegerList@OGRFeature@@QBEPBHPBDPAH@Z) 中引用了该符号
experi1.obj : error LNK2019: 无法解析的外部符号 "public: __int64 const * __thiscall OGRFeature::GetFieldAsInteger64List(int,int *)const " (?GetFieldAsInteger64List@OGRFeature@@QBEPB_JHPAH@Z)，函数 "public: __int64 const * __thiscall OGRFeature::GetFieldAsInteger64List(char const *,int *)const " (?GetFieldAsInteger64List@OGRFeature@@QBEPB_JPBDPAH@Z) 中引用了该符号
experi1.obj : error LNK2019: 无法解析的外部符号 "public: double const * __thiscall OGRFeature::GetFieldAsDoubleList(int,int *)const " (?GetFieldAsDoubleList@OGRFeature@@QBEPBNHPAH@Z)，函数 "public: double const * __thiscall OGRFeature::GetFieldAsDoubleList(char const *,int *)const " (?GetFieldAsDoubleList@OGRFeature@@QBEPBNPBDPAH@Z) 中引用了该符号
experi1.obj : error LNK2019: 无法解析的外部符号 "public: char * * __thiscall OGRFeature::GetFieldAsStringList(int)const " (?GetFieldAsStringList@OGRFeature@@QBEPAPADH@Z)，函数 "public: char * * __thiscall OGRFeature::GetFieldAsStringList(char const *)const " (?GetFieldAsStringList@OGRFeature@@QBEPAPADPBD@Z) 中引用了该符号
experi1.obj : error LNK2019: 无法解析的外部符号 "public: void __thiscall OGRFeature::SetField(int,int)" (?SetField@OGRFeature@@QAEXHH@Z)，函数 "public: void __thiscall OGRFeature::SetField(char const *,int)" (?SetField@OGRFeature@@QAEXPBDH@Z) 中引用了该符号
experi1.obj : error LNK2019: 无法解析的外部符号 "public: void __thiscall OGRFeature::SetField(int,__int64)" (?SetField@OGRFeature@@QAEXH_J@Z)，函数 "public: void __thiscall OGRFeature::SetField(char const *,__int64)" (?SetField@OGRFeature@@QAEXPBD_J@Z) 中引用了该符号
experi1.obj : error LNK2019: 无法解析的外部符号 "public: void __thiscall OGRFeature::SetField(int,double)" (?SetField@OGRFeature@@QAEXHN@Z)，函数 "public: void __thiscall OGRFeature::SetField(char const *,double)" (?SetField@OGRFeature@@QAEXPBDN@Z) 中引用了该符号
experi1.obj : error LNK2019: 无法解析的外部符号 "public: void __thiscall OGRFeature::SetField(int,char const *)" (?SetField@OGRFeature@@QAEXHPBD@Z)，函数 "public: void __thiscall OGRFeature::SetField(char const *,char const *)" (?SetField@OGRFeature@@QAEXPBD0@Z) 中引用了该符号
experi1.obj : error LNK2019: 无法解析的外部符号 "public: void __thiscall OGRFeature::SetField(int,int,int const *)" (?SetField@OGRFeature@@QAEXHHPBH@Z)，函数 "public: void __thiscall OGRFeature::SetField(char const *,int,int const *)" (?SetField@OGRFeature@@QAEXPBDHPBH@Z) 中引用了该符号
experi1.obj : error LNK2019: 无法解析的外部符号 "public: void __thiscall OGRFeature::SetField(int,int,__int64 const *)" (?SetField@OGRFeature@@QAEXHHPB_J@Z)，函数 "public: void __thiscall OGRFeature::SetField(char const *,int,__int64 const *)" (?SetField@OGRFeature@@QAEXPBDHPB_J@Z) 中引用了该符号
experi1.obj : error LNK2019: 无法解析的外部符号 "public: void __thiscall OGRFeature::SetField(int,int,double const *)" (?SetField@OGRFeature@@QAEXHHPBN@Z)，函数 "public: void __thiscall OGRFeature::SetField(char const *,int,double const *)" (?SetField@OGRFeature@@QAEXPBDHPBN@Z) 中引用了该符号
experi1.obj : error LNK2019: 无法解析的外部符号 "public: void __thiscall OGRFeature::SetField(int,char const * const *)" (?SetField@OGRFeature@@QAEXHPBQBD@Z)，函数 "public: void __thiscall OGRFeature::SetField(char const *,char const * const *)" (?SetField@OGRFeature@@QAEXPBDPBQBD@Z) 中引用了该符号
experi1.obj : error LNK2019: 无法解析的外部符号 "public: void __thiscall OGRFeature::SetField(int,union OGRField *)" (?SetField@OGRFeature@@QAEXHPATOGRField@@@Z)，函数 "public: void __thiscall OGRFeature::SetField(char const *,union OGRField *)" (?SetField@OGRFeature@@QAEXPBDPATOGRField@@@Z) 中引用了该符号
experi1.obj : error LNK2019: 无法解析的外部符号 "public: void __thiscall OGRFeature::SetField(int,int,int,int,int,int,float,int)" (?SetField@OGRFeature@@QAEXHHHHHHMH@Z)，函数 "public: void __thiscall OGRFeature::SetField(char const *,int,int,int,int,int,float,int)" (?SetField@OGRFeature@@QAEXPBDHHHHHMH@Z) 中引用了该符号
experi1.obj : error LNK2019: 无法解析的外部符号 "public: int __thiscall GDALDataset::GetRasterXSize(void)" (?GetRasterXSize@GDALDataset@@QAEHXZ)，函数 _main 中引用了该符号
experi1.obj : error LNK2019: 无法解析的外部符号 "public: int __thiscall GDALDataset::GetRasterYSize(void)" (?GetRasterYSize@GDALDataset@@QAEHXZ)，函数 _main 中引用了该符号
experi1.obj : error LNK2019: 无法解析的外部符号 "public: class GDALRasterBand * __thiscall GDALDataset::GetRasterBand(int)" (?GetRasterBand@GDALDataset@@QAEPAVGDALRasterBand@@H@Z)，函数 _main 中引用了该符号
experi1.obj : error LNK2019: 无法解析的外部符号 "public: __thiscall GDALColorTable::GDALColorTable(enum GDALPaletteInterp)" (??0GDALColorTable@@QAE@W4GDALPaletteInterp@@@Z)，函数 "public: void __thiscall GDALColorTable::`default constructor closure'(void)" (??_FGDALColorTable@@QAEXXZ) 中引用了该符号
experi1.obj : error LNK2019: 无法解析的外部符号 "public: enum GDALDataType __thiscall GDALRasterBand::GetRasterDataType(void)" (?GetRasterDataType@GDALRasterBand@@QAE?AW4GDALDataType@@XZ)，函数 _main 中引用了该符号
experi1.obj : error LNK2019: 无法解析的外部符号 "public: enum CPLErr __thiscall GDALRasterBand::RasterIO(enum GDALRWFlag,int,int,int,int,void *,int,int,enum GDALDataType,__int64,__int64,struct GDALRasterIOExtraArg *)" (?RasterIO@GDALRasterBand@@QAE?AW4CPLErr@@W4GDALRWFlag@@HHHHPAXHHW4GDALDataType@@_J3PAUGDALRasterIOExtraArg@@@Z)，函数 _main 中引用了该符号
D:\File\vs\project\GDAL_demo\Debug\experi1.exe : fatal error LNK1120: 167 个无法解析的外部命令
